Jan 20, 2019 12:37:10 PM com.orientechnologies.common.log.OLogManager log
INFO: Configuration of usage of soft references inside of containers of results of SQL execution
Jan 20, 2019 12:37:10 PM com.orientechnologies.common.log.OLogManager log
INFO: Initial or maximum values of heap memory usage are NOT set, containers of results of SQL executors will NOT use soft references by default
Jan 20, 2019 12:37:10 PM com.orientechnologies.common.log.OLogManager log
INFO: Auto configuration of disk cache size.
Jan 20, 2019 12:37:10 PM com.orientechnologies.common.log.OLogManager log
INFO: Disk cache size is directly set by the user to the 64 mb
Jan 20, 2019 12:37:10 PM com.orientechnologies.common.log.OLogManager log
WARNING: Unable to determine the amount of MaxDirectMemorySize.
java.lang.ClassNotFoundException: sun.misc.VM
	at java.base/java.net.URLClassLoader.findClass(URLClassLoader.java:466)
	at java.base/java.lang.ClassLoader.loadClass(ClassLoader.java:566)
	at java.base/java.lang.ClassLoader.loadClass(ClassLoader.java:499)
	at java.base/java.lang.Class.forName0(Native Method)
	at java.base/java.lang.Class.forName(Class.java:291)
	at com.orientechnologies.common.util.OMemory.getConfiguredMaxDirectMemory(OMemory.java:74)
	at com.orientechnologies.common.util.OMemory.checkDirectMemoryConfiguration(OMemory.java:103)
	at com.orientechnologies.orient.core.engine.OMemoryAndLocalPaginatedEnginesInitializer.initialize(OMemoryAndLocalPaginatedEnginesInitializer.java:64)
	at com.orientechnologies.orient.core.engine.local.OEngineLocalPaginated.startup(OEngineLocalPaginated.java:56)
	at com.orientechnologies.orient.core.Orient.startEngine(Orient.java:930)
	at com.orientechnologies.orient.core.Orient.loadStorage(Orient.java:523)
	at com.orientechnologies.orient.core.db.document.ODatabaseDocumentTx.<init>(ODatabaseDocumentTx.java:173)
	at com.orientechnologies.orient.core.db.OPartitionedDatabasePool$DatabaseDocumentTxPooled.<init>(OPartitionedDatabasePool.java:428)
	at com.orientechnologies.orient.core.db.OPartitionedDatabasePool$DatabaseDocumentTxPooled.<init>(OPartitionedDatabasePool.java:424)
	at com.orientechnologies.orient.core.db.OPartitionedDatabasePool.initQueue(OPartitionedDatabasePool.java:358)
	at com.orientechnologies.orient.core.db.OPartitionedDatabasePool.<init>(OPartitionedDatabasePool.java:117)
	at com.tinkerpop.blueprints.impls.orient.OrientGraphFactory.<init>(OrientGraphFactory.java:174)
	at com.tinkerpop.blueprints.impls.orient.OrientGraphFactory.<init>(OrientGraphFactory.java:155)
	at com.tinkerpop.blueprints.impls.orient.OrientGraphFactory.<init>(OrientGraphFactory.java:131)
	at org.ensime.indexer.graph.GraphService.db$lzycompute(GraphService.scala:172)
	at org.ensime.indexer.graph.GraphService.db(GraphService.scala:163)
	at org.ensime.indexer.graph.GraphService.knownFiles(GraphService.scala:223)
	at org.ensime.indexer.SearchService.refresh(SearchService.scala:235)
	at org.ensime.core.Project.preStart(Project.scala:109)
	at akka.actor.Actor.aroundPreStart(Actor.scala:528)
	at akka.actor.Actor.aroundPreStart$(Actor.scala:528)
	at org.ensime.core.Project.aroundPreStart(Project.scala:28)
	at akka.actor.ActorCell.create(ActorCell.scala:654)
	at akka.actor.ActorCell.invokeAll$1(ActorCell.scala:525)
	at akka.actor.ActorCell.systemInvoke(ActorCell.scala:547)
	at akka.dispatch.Mailbox.processAllSystemMessages(Mailbox.scala:282)
	at akka.dispatch.Mailbox.run(Mailbox.scala:223)
	at akka.dispatch.Mailbox.exec(Mailbox.scala:234)
	at akka.dispatch.forkjoin.ForkJoinTask.doExec(ForkJoinTask.java:260)
	at akka.dispatch.forkjoin.ForkJoinPool$WorkQueue.runTask(ForkJoinPool.java:1339)
	at akka.dispatch.forkjoin.ForkJoinPool.runWorker(ForkJoinPool.java:1979)
	at akka.dispatch.forkjoin.ForkJoinWorkerThread.run(ForkJoinWorkerThread.java:107)

Jan 20, 2019 12:37:10 PM com.orientechnologies.common.log.OLogManager log
WARNING: MaxDirectMemorySize JVM option is not set or has invalid value, that may cause out of memory errors. Please set the -XX:MaxDirectMemorySize=16384m option when you start the JVM.
Jan 20, 2019 12:37:10 PM com.orientechnologies.common.log.OLogManager log
WARNING: Unable to determine the amount of MaxDirectMemorySize.
java.lang.ClassNotFoundException: sun.misc.VM
	at java.base/java.net.URLClassLoader.findClass(URLClassLoader.java:466)
	at java.base/java.lang.ClassLoader.loadClass(ClassLoader.java:566)
	at java.base/java.lang.ClassLoader.loadClass(ClassLoader.java:499)
	at java.base/java.lang.Class.forName0(Native Method)
	at java.base/java.lang.Class.forName(Class.java:291)
	at com.orientechnologies.common.util.OMemory.getConfiguredMaxDirectMemory(OMemory.java:74)
	at com.orientechnologies.common.util.OMemory.checkByteBufferPoolConfiguration(OMemory.java:150)
	at com.orientechnologies.orient.core.engine.OMemoryAndLocalPaginatedEnginesInitializer.initialize(OMemoryAndLocalPaginatedEnginesInitializer.java:65)
	at com.orientechnologies.orient.core.engine.local.OEngineLocalPaginated.startup(OEngineLocalPaginated.java:56)
	at com.orientechnologies.orient.core.Orient.startEngine(Orient.java:930)
	at com.orientechnologies.orient.core.Orient.loadStorage(Orient.java:523)
	at com.orientechnologies.orient.core.db.document.ODatabaseDocumentTx.<init>(ODatabaseDocumentTx.java:173)
	at com.orientechnologies.orient.core.db.OPartitionedDatabasePool$DatabaseDocumentTxPooled.<init>(OPartitionedDatabasePool.java:428)
	at com.orientechnologies.orient.core.db.OPartitionedDatabasePool$DatabaseDocumentTxPooled.<init>(OPartitionedDatabasePool.java:424)
	at com.orientechnologies.orient.core.db.OPartitionedDatabasePool.initQueue(OPartitionedDatabasePool.java:358)
	at com.orientechnologies.orient.core.db.OPartitionedDatabasePool.<init>(OPartitionedDatabasePool.java:117)
	at com.tinkerpop.blueprints.impls.orient.OrientGraphFactory.<init>(OrientGraphFactory.java:174)
	at com.tinkerpop.blueprints.impls.orient.OrientGraphFactory.<init>(OrientGraphFactory.java:155)
	at com.tinkerpop.blueprints.impls.orient.OrientGraphFactory.<init>(OrientGraphFactory.java:131)
	at org.ensime.indexer.graph.GraphService.db$lzycompute(GraphService.scala:172)
	at org.ensime.indexer.graph.GraphService.db(GraphService.scala:163)
	at org.ensime.indexer.graph.GraphService.knownFiles(GraphService.scala:223)
	at org.ensime.indexer.SearchService.refresh(SearchService.scala:235)
	at org.ensime.core.Project.preStart(Project.scala:109)
	at akka.actor.Actor.aroundPreStart(Actor.scala:528)
	at akka.actor.Actor.aroundPreStart$(Actor.scala:528)
	at org.ensime.core.Project.aroundPreStart(Project.scala:28)
	at akka.actor.ActorCell.create(ActorCell.scala:654)
	at akka.actor.ActorCell.invokeAll$1(ActorCell.scala:525)
	at akka.actor.ActorCell.systemInvoke(ActorCell.scala:547)
	at akka.dispatch.Mailbox.processAllSystemMessages(Mailbox.scala:282)
	at akka.dispatch.Mailbox.run(Mailbox.scala:223)
	at akka.dispatch.Mailbox.exec(Mailbox.scala:234)
	at akka.dispatch.forkjoin.ForkJoinTask.doExec(ForkJoinTask.java:260)
	at akka.dispatch.forkjoin.ForkJoinPool$WorkQueue.runTask(ForkJoinPool.java:1339)
	at akka.dispatch.forkjoin.ForkJoinPool.runWorker(ForkJoinPool.java:1979)
	at akka.dispatch.forkjoin.ForkJoinWorkerThread.run(ForkJoinWorkerThread.java:107)

Jan 20, 2019 12:37:10 PM com.orientechnologies.common.log.OLogManager log
WARNING: The configured memory chunk size (2147483647 bytes) is larger than the configured maximum cache size (67108864 bytes). That may cause overallocation of a memory which will be wasted, please tune the configuration up. Use the storage.diskCache.bufferSize OrientDB option to raise the cache memory size or memory.chunk.size OrientDB option to lower memory chunk size.
Jan 20, 2019 12:37:10 PM com.orientechnologies.common.log.OLogManager log
WARNING: Unable to determine the amount of MaxDirectMemorySize.
java.lang.ClassNotFoundException: sun.misc.VM
	at java.base/java.net.URLClassLoader.findClass(URLClassLoader.java:466)
	at java.base/java.lang.ClassLoader.loadClass(ClassLoader.java:566)
	at java.base/java.lang.ClassLoader.loadClass(ClassLoader.java:499)
	at java.base/java.lang.Class.forName0(Native Method)
	at java.base/java.lang.Class.forName(Class.java:291)
	at com.orientechnologies.common.util.OMemory.getConfiguredMaxDirectMemory(OMemory.java:74)
	at com.orientechnologies.common.util.OMemory.checkCacheMemoryConfiguration(OMemory.java:127)
	at com.orientechnologies.orient.core.engine.OMemoryAndLocalPaginatedEnginesInitializer.initialize(OMemoryAndLocalPaginatedEnginesInitializer.java:66)
	at com.orientechnologies.orient.core.engine.local.OEngineLocalPaginated.startup(OEngineLocalPaginated.java:56)
	at com.orientechnologies.orient.core.Orient.startEngine(Orient.java:930)
	at com.orientechnologies.orient.core.Orient.loadStorage(Orient.java:523)
	at com.orientechnologies.orient.core.db.document.ODatabaseDocumentTx.<init>(ODatabaseDocumentTx.java:173)
	at com.orientechnologies.orient.core.db.OPartitionedDatabasePool$DatabaseDocumentTxPooled.<init>(OPartitionedDatabasePool.java:428)
	at com.orientechnologies.orient.core.db.OPartitionedDatabasePool$DatabaseDocumentTxPooled.<init>(OPartitionedDatabasePool.java:424)
	at com.orientechnologies.orient.core.db.OPartitionedDatabasePool.initQueue(OPartitionedDatabasePool.java:358)
	at com.orientechnologies.orient.core.db.OPartitionedDatabasePool.<init>(OPartitionedDatabasePool.java:117)
	at com.tinkerpop.blueprints.impls.orient.OrientGraphFactory.<init>(OrientGraphFactory.java:174)
	at com.tinkerpop.blueprints.impls.orient.OrientGraphFactory.<init>(OrientGraphFactory.java:155)
	at com.tinkerpop.blueprints.impls.orient.OrientGraphFactory.<init>(OrientGraphFactory.java:131)
	at org.ensime.indexer.graph.GraphService.db$lzycompute(GraphService.scala:172)
	at org.ensime.indexer.graph.GraphService.db(GraphService.scala:163)
	at org.ensime.indexer.graph.GraphService.knownFiles(GraphService.scala:223)
	at org.ensime.indexer.SearchService.refresh(SearchService.scala:235)
	at org.ensime.core.Project.preStart(Project.scala:109)
	at akka.actor.Actor.aroundPreStart(Actor.scala:528)
	at akka.actor.Actor.aroundPreStart$(Actor.scala:528)
	at org.ensime.core.Project.aroundPreStart(Project.scala:28)
	at akka.actor.ActorCell.create(ActorCell.scala:654)
	at akka.actor.ActorCell.invokeAll$1(ActorCell.scala:525)
	at akka.actor.ActorCell.systemInvoke(ActorCell.scala:547)
	at akka.dispatch.Mailbox.processAllSystemMessages(Mailbox.scala:282)
	at akka.dispatch.Mailbox.run(Mailbox.scala:223)
	at akka.dispatch.Mailbox.exec(Mailbox.scala:234)
	at akka.dispatch.forkjoin.ForkJoinTask.doExec(ForkJoinTask.java:260)
	at akka.dispatch.forkjoin.ForkJoinPool$WorkQueue.runTask(ForkJoinPool.java:1339)
	at akka.dispatch.forkjoin.ForkJoinPool.runWorker(ForkJoinPool.java:1979)
	at akka.dispatch.forkjoin.ForkJoinWorkerThread.run(ForkJoinWorkerThread.java:107)

Jan 20, 2019 12:37:10 PM com.orientechnologies.common.log.OLogManager log
WARNING: Unable to determine the amount of MaxDirectMemorySize.
java.lang.ClassNotFoundException: sun.misc.VM
	at java.base/java.net.URLClassLoader.findClass(URLClassLoader.java:466)
	at java.base/java.lang.ClassLoader.loadClass(ClassLoader.java:566)
	at java.base/java.lang.ClassLoader.loadClass(ClassLoader.java:499)
	at java.base/java.lang.Class.forName0(Native Method)
	at java.base/java.lang.Class.forName(Class.java:291)
	at com.orientechnologies.common.util.OMemory.getConfiguredMaxDirectMemory(OMemory.java:74)
	at com.orientechnologies.common.util.OMemory.fixCommonConfigurationProblems(OMemory.java:174)
	at com.orientechnologies.orient.core.engine.OMemoryAndLocalPaginatedEnginesInitializer.initialize(OMemoryAndLocalPaginatedEnginesInitializer.java:68)
	at com.orientechnologies.orient.core.engine.local.OEngineLocalPaginated.startup(OEngineLocalPaginated.java:56)
	at com.orientechnologies.orient.core.Orient.startEngine(Orient.java:930)
	at com.orientechnologies.orient.core.Orient.loadStorage(Orient.java:523)
	at com.orientechnologies.orient.core.db.document.ODatabaseDocumentTx.<init>(ODatabaseDocumentTx.java:173)
	at com.orientechnologies.orient.core.db.OPartitionedDatabasePool$DatabaseDocumentTxPooled.<init>(OPartitionedDatabasePool.java:428)
	at com.orientechnologies.orient.core.db.OPartitionedDatabasePool$DatabaseDocumentTxPooled.<init>(OPartitionedDatabasePool.java:424)
	at com.orientechnologies.orient.core.db.OPartitionedDatabasePool.initQueue(OPartitionedDatabasePool.java:358)
	at com.orientechnologies.orient.core.db.OPartitionedDatabasePool.<init>(OPartitionedDatabasePool.java:117)
	at com.tinkerpop.blueprints.impls.orient.OrientGraphFactory.<init>(OrientGraphFactory.java:174)
	at com.tinkerpop.blueprints.impls.orient.OrientGraphFactory.<init>(OrientGraphFactory.java:155)
	at com.tinkerpop.blueprints.impls.orient.OrientGraphFactory.<init>(OrientGraphFactory.java:131)
	at org.ensime.indexer.graph.GraphService.db$lzycompute(GraphService.scala:172)
	at org.ensime.indexer.graph.GraphService.db(GraphService.scala:163)
	at org.ensime.indexer.graph.GraphService.knownFiles(GraphService.scala:223)
	at org.ensime.indexer.SearchService.refresh(SearchService.scala:235)
	at org.ensime.core.Project.preStart(Project.scala:109)
	at akka.actor.Actor.aroundPreStart(Actor.scala:528)
	at akka.actor.Actor.aroundPreStart$(Actor.scala:528)
	at org.ensime.core.Project.aroundPreStart(Project.scala:28)
	at akka.actor.ActorCell.create(ActorCell.scala:654)
	at akka.actor.ActorCell.invokeAll$1(ActorCell.scala:525)
	at akka.actor.ActorCell.systemInvoke(ActorCell.scala:547)
	at akka.dispatch.Mailbox.processAllSystemMessages(Mailbox.scala:282)
	at akka.dispatch.Mailbox.run(Mailbox.scala:223)
	at akka.dispatch.Mailbox.exec(Mailbox.scala:234)
	at akka.dispatch.forkjoin.ForkJoinTask.doExec(ForkJoinTask.java:260)
	at akka.dispatch.forkjoin.ForkJoinPool$WorkQueue.runTask(ForkJoinPool.java:1339)
	at akka.dispatch.forkjoin.ForkJoinPool.runWorker(ForkJoinPool.java:1979)
	at akka.dispatch.forkjoin.ForkJoinWorkerThread.run(ForkJoinWorkerThread.java:107)

Jan 20, 2019 12:37:10 PM com.orientechnologies.common.log.OLogManager log
INFO: Lowering memory chunk size from 2.147.483.647B to 67.108.864B.
Jan 20, 2019 12:37:10 PM com.orientechnologies.common.log.OLogManager log
WARNING: Unable to determine the amount of MaxDirectMemorySize.
java.lang.ClassNotFoundException: sun.misc.VM
	at java.base/java.net.URLClassLoader.findClass(URLClassLoader.java:466)
	at java.base/java.lang.ClassLoader.loadClass(ClassLoader.java:566)
	at java.base/java.lang.ClassLoader.loadClass(ClassLoader.java:499)
	at java.base/java.lang.Class.forName0(Native Method)
	at java.base/java.lang.Class.forName(Class.java:291)
	at com.orientechnologies.common.util.OMemory.getConfiguredMaxDirectMemory(OMemory.java:74)
	at com.orientechnologies.common.util.OMemory.fixCommonConfigurationProblems(OMemory.java:174)
	at com.orientechnologies.common.directmemory.OByteBufferPool$InstanceHolder.<clinit>(OByteBufferPool.java:850)
	at com.orientechnologies.common.directmemory.OByteBufferPool.instance(OByteBufferPool.java:101)
	at com.orientechnologies.orient.core.engine.local.OEngineLocalPaginated.startup(OEngineLocalPaginated.java:64)
	at com.orientechnologies.orient.core.Orient.startEngine(Orient.java:930)
	at com.orientechnologies.orient.core.Orient.loadStorage(Orient.java:523)
	at com.orientechnologies.orient.core.db.document.ODatabaseDocumentTx.<init>(ODatabaseDocumentTx.java:173)
	at com.orientechnologies.orient.core.db.OPartitionedDatabasePool$DatabaseDocumentTxPooled.<init>(OPartitionedDatabasePool.java:428)
	at com.orientechnologies.orient.core.db.OPartitionedDatabasePool$DatabaseDocumentTxPooled.<init>(OPartitionedDatabasePool.java:424)
	at com.orientechnologies.orient.core.db.OPartitionedDatabasePool.initQueue(OPartitionedDatabasePool.java:358)
	at com.orientechnologies.orient.core.db.OPartitionedDatabasePool.<init>(OPartitionedDatabasePool.java:117)
	at com.tinkerpop.blueprints.impls.orient.OrientGraphFactory.<init>(OrientGraphFactory.java:174)
	at com.tinkerpop.blueprints.impls.orient.OrientGraphFactory.<init>(OrientGraphFactory.java:155)
	at com.tinkerpop.blueprints.impls.orient.OrientGraphFactory.<init>(OrientGraphFactory.java:131)
	at org.ensime.indexer.graph.GraphService.db$lzycompute(GraphService.scala:172)
	at org.ensime.indexer.graph.GraphService.db(GraphService.scala:163)
	at org.ensime.indexer.graph.GraphService.knownFiles(GraphService.scala:223)
	at org.ensime.indexer.SearchService.refresh(SearchService.scala:235)
	at org.ensime.core.Project.preStart(Project.scala:109)
	at akka.actor.Actor.aroundPreStart(Actor.scala:528)
	at akka.actor.Actor.aroundPreStart$(Actor.scala:528)
	at org.ensime.core.Project.aroundPreStart(Project.scala:28)
	at akka.actor.ActorCell.create(ActorCell.scala:654)
	at akka.actor.ActorCell.invokeAll$1(ActorCell.scala:525)
	at akka.actor.ActorCell.systemInvoke(ActorCell.scala:547)
	at akka.dispatch.Mailbox.processAllSystemMessages(Mailbox.scala:282)
	at akka.dispatch.Mailbox.run(Mailbox.scala:223)
	at akka.dispatch.Mailbox.exec(Mailbox.scala:234)
	at akka.dispatch.forkjoin.ForkJoinTask.doExec(ForkJoinTask.java:260)
	at akka.dispatch.forkjoin.ForkJoinPool$WorkQueue.runTask(ForkJoinPool.java:1339)
	at akka.dispatch.forkjoin.ForkJoinPool.runWorker(ForkJoinPool.java:1979)
	at akka.dispatch.forkjoin.ForkJoinWorkerThread.run(ForkJoinWorkerThread.java:107)

Jan 20, 2019 12:37:11 PM com.orientechnologies.common.log.OLogManager log
INFO: Storage 'plocal:/Users/max/Documents/Proggerzeugs/SCALAworkspace/praktikum3/.ensime_cache/graph-2.0.5' is opened under OrientDB distribution : 2.2.33 (build 77584cd6827f647cf4aa231cf27bd6f10bc04e2c, branch 2.2.x)
Jan 20, 2019 12:39:08 PM com.orientechnologies.common.log.OLogManager log
SEVERE: $ANSI{green {db=graph-2.0.5}} Cannot store state of cache for storage placed under /Users/max/Documents/Proggerzeugs/SCALAworkspace/praktikum3/.ensime_cache/graph-2.0.5
java.io.FileNotFoundException: /Users/max/Documents/Proggerzeugs/SCALAworkspace/praktikum3/.ensime_cache/graph-2.0.5/cache.stt (No such file or directory)
	at java.base/java.io.RandomAccessFile.open0(Native Method)
	at java.base/java.io.RandomAccessFile.open(RandomAccessFile.java:345)
	at java.base/java.io.RandomAccessFile.<init>(RandomAccessFile.java:259)
	at java.base/java.io.RandomAccessFile.<init>(RandomAccessFile.java:214)
	at com.orientechnologies.orient.core.storage.cache.local.twoq.O2QCache.storeCacheState(O2QCache.java:926)
	at com.orientechnologies.orient.core.storage.impl.local.OAbstractPaginatedStorage.doClose(OAbstractPaginatedStorage.java:4394)
	at com.orientechnologies.orient.core.storage.impl.local.OAbstractPaginatedStorage.close(OAbstractPaginatedStorage.java:580)
	at org.ensime.indexer.graph.GraphService.$anonfun$shutdown$4(GraphService.scala:189)
	at scala.runtime.java8.JFunction0$mcV$sp.apply(JFunction0$mcV$sp.java:12)
	at scala.util.Try$.apply(Try.scala:209)
	at org.ensime.indexer.graph.GraphService.$anonfun$shutdown$2(GraphService.scala:189)
	at scala.runtime.java8.JFunction0$mcV$sp.apply(JFunction0$mcV$sp.java:12)
	at scala.concurrent.BlockContext$.withBlockContext(BlockContext.scala:81)
	at scala.concurrent.impl.ExecutionContextImpl$DefaultThreadFactory$$anon$2$$anon$4.block(ExecutionContextImpl.scala:76)
	at java.base/java.util.concurrent.ForkJoinPool.managedBlock(ForkJoinPool.java:3146)
	at scala.concurrent.impl.ExecutionContextImpl$DefaultThreadFactory$$anon$2.blockOn(ExecutionContextImpl.scala:71)
	at scala.concurrent.package$.blocking(package.scala:142)
	at org.ensime.indexer.graph.GraphService.$anonfun$shutdown$1(GraphService.scala:183)
	at scala.runtime.java8.JFunction0$mcV$sp.apply(JFunction0$mcV$sp.java:12)
	at scala.concurrent.Future$.$anonfun$apply$1(Future.scala:654)
	at scala.util.Success.$anonfun$map$1(Try.scala:251)
	at scala.util.Success.map(Try.scala:209)
	at scala.concurrent.Future.$anonfun$map$1(Future.scala:288)
	at scala.concurrent.impl.Promise.liftedTree1$1(Promise.scala:29)
	at scala.concurrent.impl.Promise.$anonfun$transform$1(Promise.scala:29)
	at scala.concurrent.impl.CallbackRunnable.run(Promise.scala:60)
	at java.base/java.util.concurrent.ForkJoinTask$RunnableExecuteAction.exec(ForkJoinTask.java:1426)
	at java.base/java.util.concurrent.ForkJoinTask.doExec(ForkJoinTask.java:290)
	at java.base/java.util.concurrent.ForkJoinPool.runWorker(ForkJoinPool.java:1603)
	at java.base/java.util.concurrent.ForkJoinWorkerThread.run(ForkJoinWorkerThread.java:177)

Jan 20, 2019 12:39:08 PM com.orientechnologies.common.log.OLogManager log
SEVERE: Exception `1C38694C` in storage `plocal:/Users/max/Documents/Proggerzeugs/SCALAworkspace/praktikum3/.ensime_cache/graph-2.0.5`: 2.2.33 (build 77584cd6827f647cf4aa231cf27bd6f10bc04e2c, branch 2.2.x)
com.orientechnologies.common.io.OIOException: Error during appending of new segment to the WAL
	at com.orientechnologies.orient.core.storage.impl.local.paginated.wal.ODiskWriteAheadLog.appendNewSegment(ODiskWriteAheadLog.java:1156)
	at com.orientechnologies.orient.core.storage.impl.local.OAbstractPaginatedStorage.makeFullCheckpoint(OAbstractPaginatedStorage.java:3707)
	at com.orientechnologies.orient.core.storage.impl.local.OAbstractPaginatedStorage.doClose(OAbstractPaginatedStorage.java:4397)
	at com.orientechnologies.orient.core.storage.impl.local.OAbstractPaginatedStorage.close(OAbstractPaginatedStorage.java:580)
	at org.ensime.indexer.graph.GraphService.$anonfun$shutdown$4(GraphService.scala:189)
	at scala.runtime.java8.JFunction0$mcV$sp.apply(JFunction0$mcV$sp.java:12)
	at scala.util.Try$.apply(Try.scala:209)
	at org.ensime.indexer.graph.GraphService.$anonfun$shutdown$2(GraphService.scala:189)
	at scala.runtime.java8.JFunction0$mcV$sp.apply(JFunction0$mcV$sp.java:12)
	at scala.concurrent.BlockContext$.withBlockContext(BlockContext.scala:81)
	at scala.concurrent.impl.ExecutionContextImpl$DefaultThreadFactory$$anon$2$$anon$4.block(ExecutionContextImpl.scala:76)
	at java.base/java.util.concurrent.ForkJoinPool.managedBlock(ForkJoinPool.java:3146)
	at scala.concurrent.impl.ExecutionContextImpl$DefaultThreadFactory$$anon$2.blockOn(ExecutionContextImpl.scala:71)
	at scala.concurrent.package$.blocking(package.scala:142)
	at org.ensime.indexer.graph.GraphService.$anonfun$shutdown$1(GraphService.scala:183)
	at scala.runtime.java8.JFunction0$mcV$sp.apply(JFunction0$mcV$sp.java:12)
	at scala.concurrent.Future$.$anonfun$apply$1(Future.scala:654)
	at scala.util.Success.$anonfun$map$1(Try.scala:251)
	at scala.util.Success.map(Try.scala:209)
	at scala.concurrent.Future.$anonfun$map$1(Future.scala:288)
	at scala.concurrent.impl.Promise.liftedTree1$1(Promise.scala:29)
	at scala.concurrent.impl.Promise.$anonfun$transform$1(Promise.scala:29)
	at scala.concurrent.impl.CallbackRunnable.run(Promise.scala:60)
	at java.base/java.util.concurrent.ForkJoinTask$RunnableExecuteAction.exec(ForkJoinTask.java:1426)
	at java.base/java.util.concurrent.ForkJoinTask.doExec(ForkJoinTask.java:290)
	at java.base/java.util.concurrent.ForkJoinPool.runWorker(ForkJoinPool.java:1603)
	at java.base/java.util.concurrent.ForkJoinWorkerThread.run(ForkJoinWorkerThread.java:177)
Caused by: java.io.FileNotFoundException: /Users/max/Documents/Proggerzeugs/SCALAworkspace/praktikum3/.ensime_cache/graph-2.0.5/graph-2.0.5.1.wal (No such file or directory)
	at java.base/java.io.RandomAccessFile.open0(Native Method)
	at java.base/java.io.RandomAccessFile.open(RandomAccessFile.java:345)
	at java.base/java.io.RandomAccessFile.<init>(RandomAccessFile.java:259)
	at java.base/java.io.RandomAccessFile.<init>(RandomAccessFile.java:214)
	at com.orientechnologies.orient.core.storage.impl.local.paginated.wal.OLogSegmentV2.getRndFile(OLogSegmentV2.java:397)
	at com.orientechnologies.orient.core.storage.impl.local.paginated.wal.OLogSegmentV2.init(OLogSegmentV2.java:441)
	at com.orientechnologies.orient.core.storage.impl.local.paginated.wal.ODiskWriteAheadLog.appendNewSegment(ODiskWriteAheadLog.java:627)
	at com.orientechnologies.orient.core.storage.impl.local.paginated.wal.ODiskWriteAheadLog.appendNewSegment(ODiskWriteAheadLog.java:1153)
	... 26 more

